<?xml version="1.0" encoding="UTF-8"?>
<testng-results skipped="0" failed="0" ignored="0" total="2" passed="2">
  <reporter-output>
  </reporter-output>
  <suite name="tests.alerts.Test_Alert" duration-ms="10304" started-at="2021-03-10T22:25:16 MST" finished-at="2021-03-10T22:25:27 MST">
    <groups>
    </groups>
    <test name="Command line test" duration-ms="10304" started-at="2021-03-10T22:25:16 MST" finished-at="2021-03-10T22:25:27 MST">
      <class name="tests.alerts.Test_Alert">
        <test-method status="PASS" signature="navigate()[pri:0, instance:tests.alerts.Test_Alert@2f48b3d2]" name="navigate" is-config="true" duration-ms="7927" started-at="2021-03-10T22:25:16 MST" finished-at="2021-03-10T22:25:24 MST">
          <reporter-output>
          </reporter-output>
        </test-method> <!-- navigate -->
        <test-method status="PASS" signature="goToAlerts()[pri:0, instance:tests.alerts.Test_Alert@2f48b3d2]" name="goToAlerts" duration-ms="803" started-at="2021-03-10T22:25:24 MST" finished-at="2021-03-10T22:25:25 MST">
          <reporter-output>
          </reporter-output>
        </test-method> <!-- goToAlerts -->
        <test-method status="PASS" signature="header()[pri:0, instance:tests.alerts.Test_Alert@2f48b3d2]" name="header" duration-ms="217" started-at="2021-03-10T22:25:25 MST" finished-at="2021-03-10T22:25:25 MST">
          <reporter-output>
          </reporter-output>
        </test-method> <!-- header -->
        <test-method status="PASS" signature="closeBrowser()[pri:0, instance:tests.alerts.Test_Alert@2f48b3d2]" name="closeBrowser" is-config="true" duration-ms="1292" started-at="2021-03-10T22:25:25 MST" finished-at="2021-03-10T22:25:27 MST">
          <reporter-output>
          </reporter-output>
        </test-method> <!-- closeBrowser -->
      </class> <!-- tests.alerts.Test_Alert -->
    </test> <!-- Command line test -->
  </suite> <!-- tests.alerts.Test_Alert -->
</testng-results>
